<?xml version="1.0" encoding="UTF-8"?>
<!-- Generated by org.testng.reporters.JUnitReportReporter -->
<testsuite skipped="0" hostname="DESKTOP-351J7U1" name="com.webapp.runner.TestRunner" tests="3" failures="0" timestamp="2020-05-04T19:26:35 IST" time="21.165" errors="0">
  <testcase name="runScenario" time="18.608" classname="com.webapp.runner.TestRunner"/>
  <testcase name="runScenario" time="0.160" classname="com.webapp.runner.TestRunner"/>
  <testcase name="runScenario" time="2.397" classname="com.webapp.runner.TestRunner"/>
</testsuite> <!-- com.webapp.runner.TestRunner -->
